2025-06-01 16:53:38,496 - __main__ - INFO - Starting simulation system...
2025-06-01 16:53:38,496 - __main__ - INFO - Initializing world...
2025-06-01 16:53:38,497 - simulation.world - INFO - Creating new world...
2025-06-01 16:56:22,483 - __main__ - INFO - Starting simulation system...
2025-06-01 16:56:22,484 - __main__ - INFO - Initializing world...
2025-06-01 16:56:22,484 - simulation.world - INFO - Creating new world...
2025-06-01 17:00:49,834 - simulation.database - INFO - Created directory: data
2025-06-01 17:00:49,834 - simulation.database - INFO - Created directory: data\agents
2025-06-01 17:00:49,835 - simulation.database - INFO - Created directory: data\animals
2025-06-01 17:00:49,836 - simulation.database - INFO - Created directory: data\marine
2025-06-01 17:00:49,836 - simulation.database - INFO - Created directory: data\world
2025-06-01 17:00:49,836 - simulation.database - INFO - Created directory: data\events
2025-06-01 17:00:49,837 - simulation.database - INFO - Created directory: data\civilization
2025-06-01 17:00:49,839 - __main__ - INFO - Starting simulation system...
2025-06-01 17:00:49,839 - __main__ - INFO - Initializing world...
2025-06-01 17:00:49,839 - simulation.world - INFO - Creating new world...
2025-06-01 17:02:39,551 - __main__ - INFO - Starting simulation system...
2025-06-01 17:02:39,552 - __main__ - INFO - Initializing world...
2025-06-01 17:02:39,552 - simulation.world - INFO - Creating new world...
2025-06-01 17:03:55,178 - simulation.resources - INFO - Initializing resources...
2025-06-01 17:03:55,374 - simulation.resources - INFO - Resource initialization complete
2025-06-01 17:03:55,414 - simulation.terrain - INFO - Initializing terrain...
2025-06-01 17:03:55,513 - simulation.terrain - INFO - Terrain initialization complete
2025-06-01 17:05:34,986 - __main__ - INFO - Starting simulation system...
2025-06-01 17:05:34,986 - __main__ - INFO - Initializing world...
2025-06-01 17:05:34,987 - simulation.world - INFO - Creating new world...
2025-06-01 17:06:50,054 - simulation.resources - INFO - Initializing resources...
2025-06-01 17:06:50,246 - simulation.resources - INFO - Resource initialization complete
2025-06-01 17:06:50,285 - simulation.terrain - INFO - Initializing terrain...
2025-06-01 17:06:50,388 - simulation.terrain - INFO - Terrain initialization complete
2025-06-01 17:07:11,115 - simulation.resources - INFO - Initializing resources...
2025-06-01 17:07:11,329 - simulation.resources - INFO - Resource initialization complete
2025-06-01 17:09:26,975 - __main__ - INFO - Starting simulation system...
2025-06-01 17:09:26,975 - __main__ - INFO - Initializing world...
2025-06-01 17:09:26,975 - simulation.world - INFO - Creating new world...
2025-06-01 17:10:41,247 - simulation.resources - INFO - Initializing resources...
2025-06-01 17:10:41,454 - simulation.resources - INFO - Resource initialization complete
2025-06-01 17:10:41,454 - simulation.plants - INFO - Initializing plant system...
2025-06-01 17:13:16,749 - __main__ - INFO - Starting simulation system...
2025-06-01 17:13:16,750 - __main__ - INFO - Initializing world...
2025-06-01 17:13:16,750 - simulation.world - INFO - Creating new world...
2025-06-01 17:14:01,889 - __main__ - INFO - Starting simulation system...
2025-06-01 17:14:01,891 - __main__ - INFO - Initializing world...
2025-06-01 17:14:01,897 - simulation.world - INFO - Creating new world...
2025-06-01 17:14:01,897 - simulation.terrain - INFO - Initializing basic terrain...
2025-06-01 17:14:15,334 - simulation.terrain - INFO - Basic terrain initialization complete
2025-06-01 17:15:12,316 - __main__ - INFO - Starting simulation system...
2025-06-01 17:15:12,317 - __main__ - INFO - Initializing world...
2025-06-01 17:15:12,317 - simulation.world - INFO - Creating new world...
2025-06-01 17:15:12,317 - simulation.terrain - INFO - Initializing basic terrain...
2025-06-01 17:15:26,296 - simulation.terrain - INFO - Basic terrain initialization complete
2025-06-01 17:15:54,633 - simulation.climate - INFO - Initializing Earth climate...
2025-06-01 17:16:49,202 - __main__ - INFO - Starting simulation system...
2025-06-01 17:16:49,202 - __main__ - INFO - Initializing world...
2025-06-01 17:16:49,203 - simulation.world - INFO - Creating new world...
2025-06-01 17:16:49,203 - simulation.terrain - INFO - Initializing basic terrain...
2025-06-01 17:17:02,362 - simulation.terrain - INFO - Basic terrain initialization complete
2025-06-01 17:17:30,283 - simulation.climate - INFO - Initializing Earth climate...
2025-06-01 17:18:13,147 - __main__ - INFO - Starting simulation system...
2025-06-01 17:18:13,147 - __main__ - INFO - Initializing world...
2025-06-01 17:18:13,147 - simulation.world - INFO - Creating new world...
2025-06-01 17:18:13,148 - simulation.terrain - INFO - Initializing basic terrain...
2025-06-01 17:18:26,882 - simulation.terrain - INFO - Basic terrain initialization complete
2025-06-01 17:18:56,324 - simulation.climate - INFO - Initializing Earth climate...
2025-06-01 17:19:28,089 - __main__ - INFO - Starting simulation system...
2025-06-01 17:19:28,090 - __main__ - INFO - Initializing world...
2025-06-01 17:19:28,090 - simulation.world - INFO - Creating new world...
2025-06-01 17:19:28,090 - simulation.terrain - INFO - Initializing basic terrain...
2025-06-01 17:19:41,353 - simulation.terrain - INFO - Basic terrain initialization complete
2025-06-01 17:20:09,142 - simulation.climate - INFO - Initializing Earth climate...
2025-06-01 17:20:21,758 - __main__ - INFO - Starting simulation system...
2025-06-01 17:20:21,758 - __main__ - INFO - Initializing world...
2025-06-01 17:20:21,758 - simulation.world - INFO - Creating new world...
2025-06-01 17:20:21,759 - simulation.terrain - INFO - Initializing basic terrain...
2025-06-01 17:20:36,030 - simulation.terrain - INFO - Basic terrain initialization complete
2025-06-01 17:21:04,780 - simulation.climate - INFO - Initializing Earth climate...
2025-06-01 17:22:08,396 - __main__ - INFO - Starting simulation system...
2025-06-01 17:22:08,396 - __main__ - INFO - Initializing world...
2025-06-01 17:22:08,397 - simulation.world - INFO - Creating new world...
2025-06-01 17:22:08,397 - simulation.terrain - INFO - Initializing basic terrain...
2025-06-01 17:22:21,754 - simulation.terrain - INFO - Basic terrain initialization complete
2025-06-01 17:22:52,656 - simulation.climate - INFO - Initializing Earth climate...
2025-06-01 17:23:07,006 - __main__ - INFO - Starting simulation system...
2025-06-01 17:23:07,007 - __main__ - INFO - Initializing world...
2025-06-01 17:23:07,007 - simulation.world - INFO - Creating new world...
2025-06-01 17:23:07,007 - simulation.terrain - INFO - Initializing basic terrain...
2025-06-01 17:23:20,119 - simulation.terrain - INFO - Basic terrain initialization complete
2025-06-01 17:23:48,179 - simulation.climate - INFO - Initializing Earth climate...
2025-06-01 17:24:29,212 - __main__ - INFO - Starting simulation system...
2025-06-01 17:24:29,212 - __main__ - INFO - Initializing world...
2025-06-01 17:24:29,213 - simulation.world - INFO - Creating new world...
2025-06-01 17:24:29,213 - simulation.terrain - INFO - Initializing basic terrain...
2025-06-01 17:24:42,906 - simulation.terrain - INFO - Basic terrain initialization complete
2025-06-01 17:25:12,664 - simulation.climate - INFO - Initializing Earth climate...
2025-06-01 17:25:39,594 - __main__ - INFO - Starting simulation system...
2025-06-01 17:25:39,595 - __main__ - INFO - Initializing world...
2025-06-01 17:25:39,595 - simulation.world - INFO - Creating new world...
2025-06-01 17:25:39,596 - simulation.terrain - INFO - Initializing basic terrain...
2025-06-01 17:25:53,421 - simulation.terrain - INFO - Basic terrain initialization complete
2025-06-01 17:26:23,918 - simulation.climate - INFO - Initializing Earth climate...
2025-06-01 17:30:35,444 - simulation.climate - INFO - Earth climate initialization complete
2025-06-01 17:30:35,454 - simulation.resources - INFO - Initializing resources...
2025-06-01 17:30:55,359 - __main__ - INFO - Starting simulation system...
2025-06-01 17:30:55,360 - __main__ - INFO - Initializing world...
2025-06-01 17:30:55,360 - simulation.world - INFO - Creating new world...
2025-06-01 17:30:55,360 - simulation.terrain - INFO - Initializing basic terrain...
2025-06-01 17:31:09,530 - simulation.terrain - INFO - Basic terrain initialization complete
2025-06-01 17:31:38,407 - simulation.climate - INFO - Initializing Earth climate...
2025-06-01 17:35:51,433 - simulation.climate - INFO - Earth climate initialization complete
2025-06-01 17:35:51,452 - simulation.resources - INFO - Initializing resources...
2025-06-01 17:36:28,156 - __main__ - INFO - Starting simulation system...
2025-06-01 17:36:28,157 - __main__ - INFO - Initializing world...
2025-06-01 17:36:28,157 - simulation.world - INFO - Creating new world...
2025-06-01 17:36:28,157 - simulation.terrain - INFO - Initializing basic terrain...
2025-06-01 17:36:41,955 - simulation.terrain - INFO - Basic terrain initialization complete
2025-06-01 17:37:10,695 - simulation.climate - INFO - Initializing Earth climate...
2025-06-01 17:41:07,317 - simulation.climate - INFO - Earth climate initialization complete
2025-06-01 17:41:07,330 - simulation.resources - INFO - Initializing resources...
2025-06-01 17:41:35,225 - simulation.resources - INFO - Resource initialization complete
2025-06-01 17:41:35,230 - simulation.plants - INFO - Initializing plant system...
